<?xml version="1.0" encoding="UTF-8"?>
<testsuite name="testOneTimeDonation" tests="1" skipped="0" failures="0" errors="0" timestamp="2021-10-26T19:35:08" hostname="Huajuans-MacBook-Air.local" time="0.077">
  <properties/>
  <testcase name="testGetTotalDonationsForYear()" classname="testOneTimeDonation" time="0.077"/>
  <system-out><![CDATA[]]></system-out>
  <system-err><![CDATA[]]></system-err>
</testsuite>
