<?xml version="1.0" encoding="UTF-8"?>
<testsuite name="problem2.testNonEmptyBagOfWords" tests="1" skipped="0" failures="0" errors="0" timestamp="2021-11-05T06:04:08" hostname="Huajuans-MacBook-Air.local" time="0.009">
  <properties/>
  <testcase name="testToString" classname="problem2.testNonEmptyBagOfWords" time="0.009"/>
  <system-out><![CDATA[]]></system-out>
  <system-err><![CDATA[]]></system-err>
</testsuite>
